c:\users\halex\desktop\xdev\cseries\plugins\avionics\avionics\output\win.lib
c:\users\halex\desktop\xdev\cseries\plugins\avionics\avionics\output\win.exp
c:\users\halex\desktop\xdev\cseries\plugins\avionics\avionics\avionics\x64\release\vc141.pdb
c:\users\halex\desktop\xdev\cseries\plugins\avionics\avionics\avionics\x64\release\utm.obj
c:\users\halex\desktop\xdev\cseries\plugins\avionics\avionics\avionics\x64\release\utils.obj
c:\users\halex\desktop\xdev\cseries\plugins\avionics\avionics\avionics\x64\release\textsimple.obj
c:\users\halex\desktop\xdev\cseries\plugins\avionics\avionics\avionics\x64\release\textbox.obj
c:\users\halex\desktop\xdev\cseries\plugins\avionics\avionics\avionics\x64\release\pfdindicatorcas.obj
c:\users\halex\desktop\xdev\cseries\plugins\avionics\avionics\avionics\x64\release\pfdindicatoraltitude.obj
c:\users\halex\desktop\xdev\cseries\plugins\avionics\avionics\avionics\x64\release\pfdgyro.obj
c:\users\halex\desktop\xdev\cseries\plugins\avionics\avionics\avionics\x64\release\pfd.obj
c:\users\halex\desktop\xdev\cseries\plugins\avionics\avionics\avionics\x64\release\main.obj
c:\users\halex\desktop\xdev\cseries\plugins\avionics\avionics\avionics\x64\release\displayelementfbo.obj
c:\users\halex\desktop\xdev\cseries\plugins\avionics\avionics\avionics\x64\release\displayelement.obj
c:\users\halex\desktop\xdev\cseries\plugins\avionics\avionics\avionics\x64\release\display.obj
c:\users\halex\desktop\xdev\cseries\plugins\avionics\avionics\avionics\x64\release\container.obj
c:\users\halex\desktop\xdev\cseries\plugins\avionics\avionics\avionics\x64\release\circularprogressgauge.obj
c:\users\halex\desktop\xdev\cseries\plugins\avionics\avionics\avionics\x64\release\button.obj
c:\users\halex\desktop\xdev\cseries\plugins\avionics\avionics\avionics\x64\release\airportmap.obj
c:\users\halex\desktop\xdev\cseries\plugins\avionics\avionics\avionics\x64\release\airport.obj
c:\users\halex\desktop\xdev\cseries\plugins\avionics\avionics\output\win.xpl
c:\users\halex\desktop\xdev\cseries\plugins\avionics\avionics\output\win.pdb
c:\users\halex\desktop\xdev\cseries\plugins\avionics\avionics\\output\win.pdb
c:\users\halex\desktop\xdev\cseries\plugins\avionics\avionics\avionics\x64\release\avionics.tlog\avionics.write.1u.tlog
c:\users\halex\desktop\xdev\cseries\plugins\avionics\avionics\avionics\x64\release\avionics.tlog\cl.command.1.tlog
c:\users\halex\desktop\xdev\cseries\plugins\avionics\avionics\avionics\x64\release\avionics.tlog\cl.read.1.tlog
c:\users\halex\desktop\xdev\cseries\plugins\avionics\avionics\avionics\x64\release\avionics.tlog\cl.write.1.tlog
c:\users\halex\desktop\xdev\cseries\plugins\avionics\avionics\avionics\x64\release\avionics.tlog\link.command.1.tlog
c:\users\halex\desktop\xdev\cseries\plugins\avionics\avionics\avionics\x64\release\avionics.tlog\link.read.1.tlog
c:\users\halex\desktop\xdev\cseries\plugins\avionics\avionics\avionics\x64\release\avionics.tlog\link.write.1.tlog
